0 info it worked if it ends with ok
1 verbose cli [ 'node', '/Users/JuanCaicedo/.nvm/v0.10.36/bin/npm', 'publish' ]
2 info using npm@2.7.1
3 info using node@v0.10.36
4 verbose publish [ '.' ]
5 silly cache add args [ '.', null ]
6 verbose cache add spec .
7 silly cache add parsed spec { raw: '.',
7 silly cache add   scope: null,
7 silly cache add   name: null,
7 silly cache add   rawSpec: '.',
7 silly cache add   spec: '/Users/JuanCaicedo/code/dfp/node-google-dfp-wrapper',
7 silly cache add   type: 'directory' }
8 verbose addLocalDirectory /Users/JuanCaicedo/.npm/@spanishdict/node-google-dfp-wrapper/1.0.0/package.tgz not in flight; packing
9 verbose tar pack [ '/Users/JuanCaicedo/.npm/@spanishdict/node-google-dfp-wrapper/1.0.0/package.tgz',
9 verbose tar pack   '/Users/JuanCaicedo/code/dfp/node-google-dfp-wrapper' ]
10 verbose tarball /Users/JuanCaicedo/.npm/@spanishdict/node-google-dfp-wrapper/1.0.0/package.tgz
11 verbose folder /Users/JuanCaicedo/code/dfp/node-google-dfp-wrapper
12 info prepublish @spanishdict/node-google-dfp-wrapper@1.0.0
13 verbose addLocalTarball adding from inside cache /Users/JuanCaicedo/.npm/@spanishdict/node-google-dfp-wrapper/1.0.0/package.tgz
14 silly cache afterAdd @spanishdict/node-google-dfp-wrapper@1.0.0
15 verbose afterAdd /Users/JuanCaicedo/.npm/@spanishdict/node-google-dfp-wrapper/1.0.0/package/package.json not in flight; writing
16 verbose afterAdd /Users/JuanCaicedo/.npm/@spanishdict/node-google-dfp-wrapper/1.0.0/package/package.json written
17 silly publish { name: '@spanishdict/node-google-dfp-wrapper',
17 silly publish   version: '1.0.0',
17 silly publish   description: 'Simplifies and promisifies calls to node-google-dfp.',
17 silly publish   main: 'index.js',
17 silly publish   scripts: { test: 'echo "Error: no test specified" && exit 1' },
17 silly publish   private: true,
17 silly publish   repository:
17 silly publish    { type: 'git',
17 silly publish      url: 'https://github.com/spanishdict/node-google-dfp-wrapper.git' },
17 silly publish   keywords: [ 'dfp' ],
17 silly publish   author: { name: 'Juan Caicedo' },
17 silly publish   license: 'ISC',
17 silly publish   bugs: { url: 'https://github.com/spanishdict/node-google-dfp-wrapper/issues' },
17 silly publish   homepage: 'https://github.com/spanishdict/node-google-dfp-wrapper',
17 silly publish   dependencies:
17 silly publish    { bluebird: '3.0.5',
17 silly publish      eslint: '1.9.0',
17 silly publish      level: '1.3.0',
17 silly publish      lodash: '3.10.1',
17 silly publish      'node-google-dfp': '0.2.0' },
17 silly publish   readme: '### Getting started\n\n```bash\n$ npm install @spanishdict/node-google-dfp-wrapper\n```\n\n```javascript\nvar Dfp = require(\'node-google-dfp-wrapper\');\n\n// These are created by you in the configuration step\nvar config = require(\'../local/config\')\n\n// These are output by DFP as part of the DFP project authorization step.\nvar credentials = require(\'../local/application-creds\');\n\n// This is obtained as part of the obtain refresh token step\nvar refreshToken = config.refreshToken;\n\nvar dfp = new Dfp(credentials, config, refreshToken);\n\n```\n\n### One-time setup\n\n#### Configuration\n\nThese values are created by you, except for `refreshToken`. If you do not have one, follow the directions below.\n\n```JSON\n{\n "networkCode": "<network code>",\n "appName": "<Name of your app>",\n "version": "<version number>",\n "refreshToken": "<refresh token>"\n}\n```\n\n#### Obtain refresh token\n\n1. Obtain your network code from DFP. It can be found in your url after you log\n   in to DFP. For example in `https://www.google.com/dfp/1027916#delivery`,\n   the network code is 1027916.\n2. Run:\n\n    ```\n    $ cd node_modules/node-google-dfp-wrapper/\n    $ node generate-authentication-url.js\n    ```\n\nGo to the url and give authorization. Copy the auth code.\n\n3. Run the script in "auth code" mode:\n\n   ```\n   $ node generate-refresh-token.js --networkCode <network code> --authCode <auth code>\n   ```\n\nThis will output a refresh token.\n\n#### DFP project authorization\n\nLog into Google.\n\nGo to <https://console.developers.google.com/project>. Make a project for your app and then go to <https://console.developers.google.com/project/your-app/apiui/credential>.\n\nClick Download JSON. Save the file as `local/application-creds.json`. It should look like:\n\n```JSON\n{\n  "installed": {\n    "auth_provider_x509_cert_url": "https://www.googleapis.com/oauth2/v1/certs",\n    "client_id": "<client id>",\n    "client_x509_cert_url": "",\n    "redirect_uris": [\n      "urn:ietf:wg:oauth:2.0:oob",\n      "oob"\n    ],\n    "client_email": "",\n    "token_uri": "https://accounts.google.com/o/oauth2/token",\n    "client_secret": "<client secret>",\n    "auth_uri": "https://accounts.google.com/o/oauth2/auth"\n  }\n}\n```\n\n',
17 silly publish   readmeFilename: 'README.md',
17 silly publish   gitHead: 'bb09d673d4494943f07f576495b3b13a5a26b420',
17 silly publish   _id: '@spanishdict/node-google-dfp-wrapper@1.0.0',
17 silly publish   _shasum: 'eafd789debcf73dcd28a4b347fbbc541654026b9',
17 silly publish   _from: '.' }
18 verbose stack Error: This package has been marked as private
18 verbose stack Remove the 'private' field from the package.json to publish it.
18 verbose stack     at publish_ (/Users/JuanCaicedo/.nvm/v0.10.36/lib/node_modules/npm/lib/publish.js:108:5)
18 verbose stack     at Array.1 (/Users/JuanCaicedo/.nvm/v0.10.36/lib/node_modules/npm/node_modules/slide/lib/bind-actor.js:15:8)
18 verbose stack     at LOOP (/Users/JuanCaicedo/.nvm/v0.10.36/lib/node_modules/npm/node_modules/slide/lib/chain.js:15:14)
18 verbose stack     at LOOP (/Users/JuanCaicedo/.nvm/v0.10.36/lib/node_modules/npm/node_modules/slide/lib/chain.js:14:28)
18 verbose stack     at chain (/Users/JuanCaicedo/.nvm/v0.10.36/lib/node_modules/npm/node_modules/slide/lib/chain.js:20:5)
18 verbose stack     at /Users/JuanCaicedo/.nvm/v0.10.36/lib/node_modules/npm/lib/publish.js:74:5
18 verbose stack     at RES (/Users/JuanCaicedo/.nvm/v0.10.36/lib/node_modules/npm/node_modules/inflight/inflight.js:23:14)
18 verbose stack     at f (/Users/JuanCaicedo/.nvm/v0.10.36/lib/node_modules/npm/node_modules/once/once.js:17:25)
18 verbose stack     at /Users/JuanCaicedo/.nvm/v0.10.36/lib/node_modules/npm/lib/cache.js:355:14
18 verbose stack     at /Users/JuanCaicedo/.nvm/v0.10.36/lib/node_modules/npm/node_modules/write-file-atomic/index.js:29:15
19 verbose cwd /Users/JuanCaicedo/code/dfp/node-google-dfp-wrapper
20 error Darwin 15.0.0
21 error argv "node" "/Users/JuanCaicedo/.nvm/v0.10.36/bin/npm" "publish"
22 error node v0.10.36
23 error npm  v2.7.1
24 error This package has been marked as private
24 error Remove the 'private' field from the package.json to publish it.
25 error If you need help, you may report this error at:
25 error     <https://github.com/npm/npm/issues>
26 verbose exit [ 1, true ]
